Building DAG of jobs...
Using shell: /bin/bash
Provided cores: 8
Rules claiming more threads will be scaled down.
Job counts:
	count	jobs
	2	make_roc_curve
	1	model_validation
	3

[Wed Jan 30 18:34:10 2019]
rule make_roc_curve:
    input: data/methylation_standards/NA12878_unmethylated.subset.gpc.meth.tsv.gz, data/methylation_standards/NA12878_GpC.subset.gpc.meth.tsv.gz
    output: plots/NA12878_ROC_GpC_methylation_gpc_model.log, plots/NA12878_ROC_GpC_methylation_gpc_model.pdf
    jobid: 1
    wildcards: sample=NA12878, methylation=GpC, model=gpc

python -u /home/isac/Code/nanoNOMe/script/test_methylmodel.py roc -v --model gpc --methylated data/methylation_standards/NA12878_GpC.subset.gpc.meth.tsv.gz --unmethylated data/methylation_standards/NA12878_unmethylated.subset.gpc.meth.tsv.gz -o plots/NA12878_ROC_GpC_methylation_gpc_model.pdf 2> plots/NA12878_ROC_GpC_methylation_gpc_model.log

[Wed Jan 30 18:34:10 2019]
rule make_roc_curve:
    input: data/methylation_standards/NA12878_unmethylated.subset.cpg.meth.tsv.gz, data/methylation_standards/NA12878_CpG.subset.cpg.meth.tsv.gz
    output: plots/NA12878_ROC_CpG_methylation_cpg_model.log, plots/NA12878_ROC_CpG_methylation_cpg_model.pdf
    jobid: 2
    wildcards: sample=NA12878, methylation=CpG, model=cpg

python -u /home/isac/Code/nanoNOMe/script/test_methylmodel.py roc -v --model cpg --methylated data/methylation_standards/NA12878_CpG.subset.cpg.meth.tsv.gz --unmethylated data/methylation_standards/NA12878_unmethylated.subset.cpg.meth.tsv.gz -o plots/NA12878_ROC_CpG_methylation_cpg_model.pdf 2> plots/NA12878_ROC_CpG_methylation_cpg_model.log
[Wed Jan 30 18:37:27 2019]
Finished job 2.
1 of 3 steps (33%) done
[Wed Jan 30 18:37:48 2019]
Finished job 1.
2 of 3 steps (67%) done

[Wed Jan 30 18:37:48 2019]
localrule model_validation:
    input: plots/NA12878_ROC_CpG_methylation_cpg_model.pdf, plots/NA12878_ROC_GpC_methylation_gpc_model.pdf
    jobid: 0

[Wed Jan 30 18:37:48 2019]
Finished job 0.
3 of 3 steps (100%) done
Complete log: /home/isac/Code/nanoNOMe/.snakemake/log/2019-01-30T183410.238754.snakemake.log
