Building DAG of jobs...
Using shell: /bin/bash
Provided cores: 8
Rules claiming more threads will be scaled down.
Job counts:
	count	jobs
	2	make_roc_curve
	1	model_validation
	3

[Wed Jan 30 18:31:18 2019]
rule make_roc_curve:
    input: data/methylation_standards/NA12878_unmethylated.subset.cpg.meth.tsv.gz, data/methylation_standards/NA12878_CpG.subset.cpg.meth.tsv.gz
    output: plots/NA12878_ROC_CpG_methylation_cpg_model.log, plots/NA12878_ROC_CpG_methylation_cpg_model.pdf
    jobid: 1
    wildcards: sample=NA12878, methylation=CpG, model=cpg

python /home/isac/Code/nanoNOMe/script/test_methylmodel.py roc -v --model cpg --methylated data/methylation_standards/NA12878_CpG.subset.cpg.meth.tsv.gz --unmethylated data/methylation_standards/NA12878_unmethylated.subset.cpg.meth.tsv.gz -o plots/NA12878_ROC_CpG_methylation_cpg_model.pdf 2> plots/NA12878_ROC_CpG_methylation_cpg_model.log

[Wed Jan 30 18:31:18 2019]
rule make_roc_curve:
    input: data/methylation_standards/NA12878_unmethylated.subset.gpc.meth.tsv.gz, data/methylation_standards/NA12878_GpC.subset.gpc.meth.tsv.gz
    output: plots/NA12878_ROC_GpC_methylation_gpc_model.log, plots/NA12878_ROC_GpC_methylation_gpc_model.pdf
    jobid: 2
    wildcards: sample=NA12878, methylation=GpC, model=gpc

python /home/isac/Code/nanoNOMe/script/test_methylmodel.py roc -v --model gpc --methylated data/methylation_standards/NA12878_GpC.subset.gpc.meth.tsv.gz --unmethylated data/methylation_standards/NA12878_unmethylated.subset.gpc.meth.tsv.gz -o plots/NA12878_ROC_GpC_methylation_gpc_model.pdf 2> plots/NA12878_ROC_GpC_methylation_gpc_model.log
Terminating processes on user request, this might take some time.
[Wed Jan 30 18:34:09 2019]
Error in rule make_roc_curve:
    jobid: 1
    output: plots/NA12878_ROC_CpG_methylation_cpg_model.log, plots/NA12878_ROC_CpG_methylation_cpg_model.pdf

RuleException:
CalledProcessError in line 24 of /home/isac/Code/nanoNOMe/snakemake/model_validation.smk:
Command ' set -euo pipefail;  python /home/isac/Code/nanoNOMe/script/test_methylmodel.py roc -v --model cpg --methylated data/methylation_standards/NA12878_CpG.subset.cpg.meth.tsv.gz --unmethylated data/methylation_standards/NA12878_unmethylated.subset.cpg.meth.tsv.gz -o plots/NA12878_ROC_CpG_methylation_cpg_model.pdf 2> plots/NA12878_ROC_CpG_methylation_cpg_model.log ' died with <Signals.SIGINT: 2>.
  File "/home/isac/Code/nanoNOMe/snakemake/model_validation.smk", line 24, in __rule_make_roc_curve
  File "/home/isac/.conda/envs/isacenv/lib/python3.6/concurrent/futures/thread.py", line 56, in run
Removing output files of failed job make_roc_curve since they might be corrupted:
plots/NA12878_ROC_CpG_methylation_cpg_model.log
Cancelling snakemake on user request.
