Building DAG of jobs...
Using shell: /bin/bash
Provided cores: 8
Rules claiming more threads will be scaled down.
Job counts:
	count	jobs
	1	frequency_analysis
	1	make_mnase_metaplot
	2

[Fri Jan 25 18:32:46 2019]
rule make_mnase_metaplot:
    input: data/mnase/GM12878_MNase.distance.CTCF.center.2000bp.bed
    output: plots/GM12878_MNase.metaplot.CTCF.center.2000bp.pdf
    jobid: 1
    wildcards: sample=GM12878, region=CTCF.center.2000bp

Rscript /home/isac/Code/nanoNOMe/script/mnase_plot.R metaplotByDistance -i data/mnase/GM12878_MNase.distance.CTCF.center.2000bp.bed -o plots/GM12878_MNase.metaplot.CTCF.center.2000bp.pdf 2> /dev/null
[Fri Jan 25 18:33:25 2019]
Finished job 1.
1 of 2 steps (50%) done

[Fri Jan 25 18:33:25 2019]
localrule frequency_analysis:
    input: plots/GM12878_nanoNOMe.pooled.metaplot.CTCF.center.2000bp.pdf, plots/GM12878_BSseq.metaplot.CTCF.center.2000bp.pdf, plots/GM12878_MNase.metaplot.CTCF.center.2000bp.pdf
    jobid: 0

[Fri Jan 25 18:33:25 2019]
Finished job 0.
2 of 2 steps (100%) done
Complete log: /home/isac/Code/nanoNOMe/.snakemake/log/2019-01-25T183245.526887.snakemake.log
