Building DAG of jobs...
Using shell: /bin/bash
Provided cores: 8
Rules claiming more threads will be scaled down.
Job counts:
	count	jobs
	1	frequency_analysis
	1	make_mnase_metaplot
	1	overlap_bed_regions
	3

[Fri Jan 25 17:28:53 2019]
rule overlap_bed_regions:
    input: data/mnase/GM12878_MNase.bed.gz, data/gm12878/GM12878_CTCF.center.bed
    output: data/mnase/GM12878_MNase.distance.CTCF.center.2000bp.bed
    jobid: 7
    wildcards: dir=mnase, sample=GM12878_MNase, region=CTCF.center, width=2000

gunzip -c data/mnase/GM12878_MNase.bed.gz | bedtools closest -D b -b data/gm12878/GM12878_CTCF.center.bed -a stdin | awk 'sqrt($NF*$NF)*2<=2000{ print }' > data/mnase/GM12878_MNase.distance.CTCF.center.2000bp.bed
[Fri Jan 25 18:12:56 2019]
Finished job 7.
1 of 3 steps (33%) done

[Fri Jan 25 18:12:56 2019]
rule make_mnase_metaplot:
    input: data/mnase/GM12878_MNase.distance.CTCF.center.2000bp.bed
    output: plots/GM12878_MNase.metaplot.CTCF.center.2000bp.pdf
    jobid: 3
    wildcards: sample=GM12878, region=CTCF.center.2000bp

Rscript /home/isac/Code/nanoNOMe/script/mnase_plot.R metaplotByDistance -i data/mnase/GM12878_MNase.distance.CTCF.center.2000bp.bed -o plots/GM12878_MNase.metaplot.CTCF.center.2000bp.pdf 2> /dev/null
[Fri Jan 25 18:13:00 2019]
Error in rule make_mnase_metaplot:
    jobid: 3
    output: plots/GM12878_MNase.metaplot.CTCF.center.2000bp.pdf

RuleException:
CalledProcessError in line 56 of /home/isac/Code/nanoNOMe/snakemake/frequency_analysis.smk:
Command ' set -euo pipefail;  Rscript /home/isac/Code/nanoNOMe/script/mnase_plot.R metaplotByDistance -i data/mnase/GM12878_MNase.distance.CTCF.center.2000bp.bed -o plots/GM12878_MNase.metaplot.CTCF.center.2000bp.pdf 2> /dev/null ' returned non-zero exit status 1.
  File "/home/isac/Code/nanoNOMe/snakemake/frequency_analysis.smk", line 56, in __rule_make_mnase_metaplot
  File "/home/isac/.conda/envs/isacenv/lib/python3.6/concurrent/futures/thread.py", line 56, in run
Shutting down, this might take some time.
Exiting because a job execution failed. Look above for error message
Complete log: /home/isac/Code/nanoNOMe/.snakemake/log/2019-01-25T172852.602863.snakemake.log
